<?xml version="1.0" encoding="UTF-8"?>
<!-- Generated by org.testng.reporters.JUnitReportReporter -->
<testsuite skipped="0" hostname="Shivu" name="Qualitest.Mavenjava.VerifyLogin" tests="2" failures="0" timestamp="2021-10-16T21:14:45 IST" time="93.105" errors="0">
  <testcase name="firstTest" time="14.834" classname="Qualitest.Mavenjava.VerifyLogin"/>
  <system-out/>
  <testcase name="firstTest" time="78.271" classname="Qualitest.Mavenjava.VerifyLogin"/>
  <system-out/>
</testsuite> <!-- Qualitest.Mavenjava.VerifyLogin -->
